<?xml version="1.0" encoding="UTF-8"?>
<!-- Generated by org.testng.reporters.JUnitReportReporter -->
<testsuite skipped="0" hostname="LAPTOP-KJFGV1DS" name="com.qa.tests.LoginTests" tests="1" failures="0" timestamp="2022-03-29T12:21:58 IST" time="19.216" errors="0">
  <testcase name="validUser" time="19.216" classname="com.qa.tests.LoginTests"/>
  <system-out/>
</testsuite> <!-- com.qa.tests.LoginTests -->
