<?xml version="1.0" encoding="UTF-8"?>
<!-- Generated by org.testng.reporters.JUnitReportReporter -->
<testsuite skipped="0" hostname="LAPTOP-KJFGV1DS" name="com.qa.tests.Scenario_2" tests="1" failures="0" timestamp="2022-03-29T12:26:07 IST" time="22.619" errors="0">
  <testcase name="validUser" time="22.619" classname="com.qa.tests.Scenario_2"/>
  <system-out/>
</testsuite> <!-- com.qa.tests.Scenario_2 -->
